<?xml version="1.0" encoding="UTF-8"?>
<Site BuildName="(empty)"
	BuildStamp="20241023-0333-Experimental"
	Name="erobman"
	Generator="ctest-3.22.1"
	CompilerName="/usr/bin/c++"
	CompilerVersion="11.4.0"
	OSName="Linux"
	Hostname="erobman"
	OSRelease="6.5.0-rt5"
	OSVersion="#1 SMP PREEMPT_RT Wed Oct 16 10:34:26 CST 2024"
	OSPlatform="x86_64"
	Is64Bits="1"
	VendorString="GenuineIntel"
	VendorID="Intel Corporation"
	FamilyID="6"
	ModelID="183"
	ProcessorCacheSize="36864"
	NumberOfLogicalCPU="32"
	NumberOfPhysicalCPU="24"
	TotalVirtualMemory="2047"
	TotalPhysicalMemory="128549"
	LogicalProcessorsPerPhysical="1"
	ProcessorClockFrequency="5700"
	>
	<Testing>
		<StartDateTime>Oct 23 19:30 CST</StartDateTime>
		<StartTestTime>1729683017</StartTestTime>
		<TestList/>
		<EndDateTime>Oct 23 19:30 CST</EndDateTime>
		<EndTestTime>1729683017</EndTestTime>
		<ElapsedMinutes>0</ElapsedMinutes>
	</Testing>
</Site>
